<?xml version="1.0" encoding="UTF-8"?>
<!-- Generated by org.testng.reporters.JUnitReportReporter -->
<testsuite hostname="Asplap1700" failures="0" tests="1" name="Lambda.test.Automation.MacBrowserAutomation" time="28.218" errors="0" timestamp="2023-07-24T17:53:43 IST" skipped="0">
  <testcase classname="Lambda.test.Automation.MacBrowserAutomation" name="test002" time="28.218"/>
  <system-out/>
</testsuite> <!-- Lambda.test.Automation.MacBrowserAutomation -->
