<?xml version="1.0" encoding="UTF-8"?>
<!-- Generated by org.testng.reporters.JUnitReportReporter -->
<testsuite hostname="Asplap1700" failures="0" tests="1" name="Lambda.test.Automation.AutomationTask" time="34.106" errors="0" timestamp="2023-07-24T17:53:44 IST" skipped="0">
  <testcase classname="Lambda.test.Automation.AutomationTask" name="test001" time="34.106"/>
  <system-out/>
</testsuite> <!-- Lambda.test.Automation.AutomationTask -->
